<testsuite   name="test612aaaaf-5066-f03d-0887-ef2353a32870"   errors="0"  failures="6"      tests="6"   ><testcase name="setUsername"    time="Sun, 08 Jun 2014 05:57:23 GMT"><failure message="[CAT] Test failed, exception: AssertionError: email match to catjs: expected false to be truthy" type="failure" ></failure></testcase><testcase name="setEmail"    time="Sun, 08 Jun 2014 05:57:23 GMT"><failure message="[CAT] Test failed, exception: AssertionError: email match: expected false to be truthy" type="failure" ></failure></testcase><testcase name="setPassword"    time="Sun, 08 Jun 2014 05:57:25 GMT"><failure message="[CAT] Test failed, exception: AssertionError: password match: expected false to be truthy" type="failure" ></failure></testcase><testcase name="setRepeatPassword"    time="Sun, 08 Jun 2014 05:57:25 GMT"><failure message="[CAT] Test failed, exception: AssertionError: repeat password match: expected false to be truthy" type="failure" ></failure></testcase><testcase name="setmobileweb"    time="Sun, 08 Jun 2014 05:57:25 GMT"><failure message="[CAT] Test failed, exception: AssertionError: mobileweb is checked: expected false to be truthy" type="failure" ></failure></testcase><testcase name="setweb"    time="Sun, 08 Jun 2014 05:57:25 GMT"><failure message="[CAT] Test failed, exception: AssertionError: web is checked: expected false to be truthy" type="failure" ></failure></testcase><testcase name="slider90"    time="Sun, 08 Jun 2014 05:57:25 GMT"><failure message="[CAT] Test failed, exception: AssertionError: slide value is 90: expected false to be truthy" type="failure" ></failure></testcase></testsuite>